files/app/build/intermediates/manifest_merge_blame_file/debug/manifest-merger-blame-debug-report.txt
1<?xml version="1.0" encoding="utf-8"?>
2<manifest xmlns:android="http://schemas.android.com/apk/res/android"
3    package="com.cmps312.courseregistration"
4    android:versionCode="1"
5    android:versionName="1.0" >
6
7    <uses-sdk
8        android:minSdkVersion="26"
8-->src\main\AndroidManifest.xml
9        android:targetSdkVersion="29" />
9-->src\main\AndroidManifest.xml
10
11    <!-- Although the *SdkVersion is captured in gradle build files, this is required for non gradle builds -->
12    <!-- <uses-sdk android:minSdkVersion="14" /> -->
13    <uses-permission android:name="android.permission.ACCESS_NETWORK_STATE" />
13-->[com.google.firebase:firebase-firestore:21.4.2] AndroidManifest.xml:13:5-79
13-->[com.google.firebase:firebase-firestore:21.4.2] AndroidManifest.xml:13:22-76
14    <uses-permission android:name="android.permission.INTERNET" />
14-->[com.google.firebase:firebase-firestore:21.4.2] AndroidManifest.xml:14:5-67
14-->[com.google.firebase:firebase-firestore:21.4.2] AndroidManifest.xml:14:22-64
15    <uses-permission android:name="android.permission.WAKE_LOCK" />
15-->[com.google.android.gms:play-services-measurement:17.2.2] AndroidManifest.xml:25:5-68
15-->[com.google.android.gms:play-services-measurement:17.2.2] AndroidManifest.xml:25:22-65
16    <uses-permission android:name="com.google.android.finsky.permission.BIND_GET_INSTALL_REFERRER_SERVICE" /> <!-- Required by older versions of Google Play services to create IID tokens -->
16-->[com.google.android.gms:play-services-measurement:17.2.2] AndroidManifest.xml:26:5-110
16-->[com.google.android.gms:play-services-measurement:17.2.2] AndroidManifest.xml:26:22-107
17    <uses-permission android:name="com.google.android.c2dm.permission.RECEIVE" />
17-->[com.google.firebase:firebase-iid:20.0.2] AndroidManifest.xml:26:5-82
17-->[com.google.firebase:firebase-iid:20.0.2] AndroidManifest.xml:26:22-79
18
19    <application
19-->src\main\AndroidManifest.xml:5:5-26:19
20        android:allowBackup="true"
20-->src\main\AndroidManifest.xml:6:9-35
21        android:appComponentFactory="androidx.core.app.CoreComponentFactory"
21-->[androidx.core:core:1.1.0] AndroidManifest.xml:24:18-86
22        android:debuggable="true"
23        android:icon="@drawable/app_icon"
23-->src\main\AndroidManifest.xml:7:9-42
24        android:label="@string/app_name"
24-->src\main\AndroidManifest.xml:8:9-41
25        android:roundIcon="@drawable/app_icon"
25-->src\main\AndroidManifest.xml:9:9-47
26        android:supportsRtl="true"
26-->src\main\AndroidManifest.xml:10:9-35
27        android:testOnly="true"
28        android:theme="@style/AppTheme" >
28-->src\main\AndroidManifest.xml:11:9-40
29        <activity android:name="com.cmps312.courseregistration.view.WaitingListActivity" />
29-->src\main\AndroidManifest.xml:12:9-71
29-->src\main\AndroidManifest.xml:12:19-59
30        <activity android:name="com.cmps312.courseregistration.view.HoldsActivity" />
30-->src\main\AndroidManifest.xml:13:9-56
30-->src\main\AndroidManifest.xml:13:19-53
31        <activity android:name="com.cmps312.courseregistration.view.CourseManagementActivity" />
31-->src\main\AndroidManifest.xml:14:9-67
31-->src\main\AndroidManifest.xml:14:19-64
32        <activity android:name="com.cmps312.courseregistration.view.StudentProfileActivity" />
32-->src\main\AndroidManifest.xml:15:9-65
32-->src\main\AndroidManifest.xml:15:19-62
33        <activity android:name="com.cmps312.courseregistration.view.ScheduleActivity" />
33-->src\main\AndroidManifest.xml:16:9-59
33-->src\main\AndroidManifest.xml:16:19-56
34        <activity android:name="com.cmps312.courseregistration.view.CourseRegistrationActivity" />
34-->src\main\AndroidManifest.xml:17:9-69
34-->src\main\AndroidManifest.xml:17:19-66
35        <activity android:name="com.cmps312.courseregistration.view.MainActivity" />
35-->src\main\AndroidManifest.xml:18:9-54
35-->src\main\AndroidManifest.xml:18:19-52
36        <activity android:name="com.cmps312.courseregistration.view.LoginActivity" >
36-->src\main\AndroidManifest.xml:19:9-25:20
36-->src\main\AndroidManifest.xml:19:19-53
37            <intent-filter>
37-->src\main\AndroidManifest.xml:20:13-24:29
38                <action android:name="android.intent.action.MAIN" />
38-->src\main\AndroidManifest.xml:21:17-69
38-->src\main\AndroidManifest.xml:21:25-66
39
40                <category android:name="android.intent.category.LAUNCHER" />
40-->src\main\AndroidManifest.xml:23:17-77
40-->src\main\AndroidManifest.xml:23:27-74
41            </intent-filter>
42        </activity>
43
44        <service
44-->[com.google.firebase:firebase-firestore:21.4.2] AndroidManifest.xml:17:9-23:19
45            android:name="com.google.firebase.components.ComponentDiscoveryService"
45-->[com.google.firebase:firebase-firestore:21.4.2] AndroidManifest.xml:18:13-84
46            android:directBootAware="true"
46-->[com.google.firebase:firebase-common:19.3.0] AndroidManifest.xml:34:13-43
47            android:exported="false" >
47-->[com.google.firebase:firebase-firestore:21.4.2] AndroidManifest.xml:19:13-37
48            <meta-data
48-->[com.google.firebase:firebase-firestore:21.4.2] AndroidManifest.xml:20:13-22:85
49                android:name="com.google.firebase.components:com.google.firebase.firestore.FirestoreRegistrar"
49-->[com.google.firebase:firebase-firestore:21.4.2] AndroidManifest.xml:21:17-111
50                android:value="com.google.firebase.components.ComponentRegistrar" />
50-->[com.google.firebase:firebase-firestore:21.4.2] AndroidManifest.xml:22:17-82
51            <meta-data
51-->[com.google.firebase:firebase-auth:19.3.0] AndroidManifest.xml:36:13-38:85
52                android:name="com.google.firebase.components:com.google.firebase.auth.FirebaseAuthRegistrar"
52-->[com.google.firebase:firebase-auth:19.3.0] AndroidManifest.xml:37:17-109
53                android:value="com.google.firebase.components.ComponentRegistrar" />
53-->[com.google.firebase:firebase-auth:19.3.0] AndroidManifest.xml:38:17-82
54            <meta-data
54-->[com.google.firebase:firebase-perf:19.0.6] AndroidManifest.xml:34:13-36:85
55                android:name="com.google.firebase.components:com.google.firebase.perf.FirebasePerfRegistrar"
55-->[com.google.firebase:firebase-perf:19.0.6] AndroidManifest.xml:35:17-109
56                android:value="com.google.firebase.components.ComponentRegistrar" />
56-->[com.google.firebase:firebase-perf:19.0.6] AndroidManifest.xml:36:17-82
57            <meta-data
57-->[com.google.android.gms:play-services-measurement-api:17.2.2] AndroidManifest.xml:30:13-32:85
58                android:name="com.google.firebase.components:com.google.firebase.analytics.connector.internal.AnalyticsConnectorRegistrar"
58-->[com.google.android.gms:play-services-measurement-api:17.2.2] AndroidManifest.xml:31:17-139
59                android:value="com.google.firebase.components.ComponentRegistrar" />
59-->[com.google.android.gms:play-services-measurement-api:17.2.2] AndroidManifest.xml:32:17-82
60            <meta-data
60-->[com.google.firebase:firebase-config:19.0.4] AndroidManifest.xml:32:13-34:85
61                android:name="com.google.firebase.components:com.google.firebase.remoteconfig.RemoteConfigRegistrar"
61-->[com.google.firebase:firebase-config:19.0.4] AndroidManifest.xml:33:17-117
62                android:value="com.google.firebase.components.ComponentRegistrar" />
62-->[com.google.firebase:firebase-config:19.0.4] AndroidManifest.xml:34:17-82
63            <meta-data
63-->[com.google.firebase:firebase-iid:20.0.2] AndroidManifest.xml:32:13-34:85
64                android:name="com.google.firebase.components:com.google.firebase.iid.Registrar"
64-->[com.google.firebase:firebase-iid:20.0.2] AndroidManifest.xml:33:17-96
65                android:value="com.google.firebase.components.ComponentRegistrar" />
65-->[com.google.firebase:firebase-iid:20.0.2] AndroidManifest.xml:34:17-82
66            <meta-data
66-->[com.google.firebase:firebase-abt:19.0.0] AndroidManifest.xml:13:13-15:85
67                android:name="com.google.firebase.components:com.google.firebase.abt.component.AbtRegistrar"
67-->[com.google.firebase:firebase-abt:19.0.0] AndroidManifest.xml:14:17-109
68                android:value="com.google.firebase.components.ComponentRegistrar" />
68-->[com.google.firebase:firebase-abt:19.0.0] AndroidManifest.xml:15:17-82
69        </service>
70
71        <activity
71-->[com.google.firebase:firebase-auth:19.3.0] AndroidManifest.xml:24:9-31:50
72            android:name="com.google.firebase.auth.internal.FederatedSignInActivity"
72-->[com.google.firebase:firebase-auth:19.3.0] AndroidManifest.xml:25:13-85
73            android:excludeFromRecents="true"
73-->[com.google.firebase:firebase-auth:19.3.0] AndroidManifest.xml:26:13-46
74            android:exported="true"
74-->[com.google.firebase:firebase-auth:19.3.0] AndroidManifest.xml:27:13-36
75            android:launchMode="singleTask"
75-->[com.google.firebase:firebase-auth:19.3.0] AndroidManifest.xml:28:13-44
76            android:permission="com.google.firebase.auth.api.gms.permission.LAUNCH_FEDERATED_SIGN_IN"
76-->[com.google.firebase:firebase-auth:19.3.0] AndroidManifest.xml:29:13-102
77            android:theme="@android:style/Theme.Translucent.NoTitleBar" />
77-->[com.google.firebase:firebase-auth:19.3.0] AndroidManifest.xml:30:13-72
78
79        <provider
79-->[com.google.firebase:firebase-perf:19.0.6] AndroidManifest.xml:25:9-29:39
80            android:name="com.google.firebase.perf.provider.FirebasePerfProvider"
80-->[com.google.firebase:firebase-perf:19.0.6] AndroidManifest.xml:26:13-82
81            android:authorities="com.cmps312.courseregistration.firebaseperfprovider"
81-->[com.google.firebase:firebase-perf:19.0.6] AndroidManifest.xml:27:13-72
82            android:exported="false"
82-->[com.google.firebase:firebase-perf:19.0.6] AndroidManifest.xml:28:13-37
83            android:initOrder="101" />
83-->[com.google.firebase:firebase-perf:19.0.6] AndroidManifest.xml:29:13-36
84
85        <receiver
85-->[com.google.android.gms:play-services-measurement:17.2.2] AndroidManifest.xml:29:9-33:20
86            android:name="com.google.android.gms.measurement.AppMeasurementReceiver"
86-->[com.google.android.gms:play-services-measurement:17.2.2] AndroidManifest.xml:30:13-85
87            android:enabled="true"
87-->[com.google.android.gms:play-services-measurement:17.2.2] AndroidManifest.xml:31:13-35
88            android:exported="false" >
88-->[com.google.android.gms:play-services-measurement:17.2.2] AndroidManifest.xml:32:13-37
89        </receiver>
90        <receiver
90-->[com.google.android.gms:play-services-measurement:17.2.2] AndroidManifest.xml:34:9-42:20
91            android:name="com.google.android.gms.measurement.AppMeasurementInstallReferrerReceiver"
91-->[com.google.android.gms:play-services-measurement:17.2.2] AndroidManifest.xml:35:13-100
92            android:enabled="true"
92-->[com.google.android.gms:play-services-measurement:17.2.2] AndroidManifest.xml:36:13-35
93            android:exported="true"
93-->[com.google.android.gms:play-services-measurement:17.2.2] AndroidManifest.xml:37:13-36
94            android:permission="android.permission.INSTALL_PACKAGES" >
94-->[com.google.android.gms:play-services-measurement:17.2.2] AndroidManifest.xml:38:13-69
95            <intent-filter>
95-->[com.google.android.gms:play-services-measurement:17.2.2] AndroidManifest.xml:39:13-41:29
96                <action android:name="com.android.vending.INSTALL_REFERRER" />
96-->[com.google.android.gms:play-services-measurement:17.2.2] AndroidManifest.xml:40:17-79
96-->[com.google.android.gms:play-services-measurement:17.2.2] AndroidManifest.xml:40:25-76
97            </intent-filter>
98        </receiver>
99
100        <service
100-->[com.google.android.gms:play-services-measurement:17.2.2] AndroidManifest.xml:44:9-47:40
101            android:name="com.google.android.gms.measurement.AppMeasurementService"
101-->[com.google.android.gms:play-services-measurement:17.2.2] AndroidManifest.xml:45:13-84
102            android:enabled="true"
102-->[com.google.android.gms:play-services-measurement:17.2.2] AndroidManifest.xml:46:13-35
103            android:exported="false" />
103-->[com.google.android.gms:play-services-measurement:17.2.2] AndroidManifest.xml:47:13-37
104        <service
104-->[com.google.android.gms:play-services-measurement:17.2.2] AndroidManifest.xml:48:9-52:72
105            android:name="com.google.android.gms.measurement.AppMeasurementJobService"
105-->[com.google.android.gms:play-services-measurement:17.2.2] AndroidManifest.xml:49:13-87
106            android:enabled="true"
106-->[com.google.android.gms:play-services-measurement:17.2.2] AndroidManifest.xml:50:13-35
107            android:exported="false"
107-->[com.google.android.gms:play-services-measurement:17.2.2] AndroidManifest.xml:51:13-37
108            android:permission="android.permission.BIND_JOB_SERVICE" />
108-->[com.google.android.gms:play-services-measurement:17.2.2] AndroidManifest.xml:52:13-69
109
110        <receiver
110-->[com.google.firebase:firebase-iid:20.0.2] AndroidManifest.xml:37:9-44:20
111            android:name="com.google.firebase.iid.FirebaseInstanceIdReceiver"
111-->[com.google.firebase:firebase-iid:20.0.2] AndroidManifest.xml:38:13-78
112            android:exported="true"
112-->[com.google.firebase:firebase-iid:20.0.2] AndroidManifest.xml:39:13-36
113            android:permission="com.google.android.c2dm.permission.SEND" >
113-->[com.google.firebase:firebase-iid:20.0.2] AndroidManifest.xml:40:13-73
114            <intent-filter>
114-->[com.google.firebase:firebase-iid:20.0.2] AndroidManifest.xml:41:13-43:29
115                <action android:name="com.google.android.c2dm.intent.RECEIVE" />
115-->[com.google.firebase:firebase-iid:20.0.2] AndroidManifest.xml:42:17-81
115-->[com.google.firebase:firebase-iid:20.0.2] AndroidManifest.xml:42:25-78
116            </intent-filter>
117        </receiver>
118
119        <provider
119-->[com.google.firebase:firebase-common:19.3.0] AndroidManifest.xml:26:9-30:39
120            android:name="com.google.firebase.provider.FirebaseInitProvider"
120-->[com.google.firebase:firebase-common:19.3.0] AndroidManifest.xml:27:13-77
121            android:authorities="com.cmps312.courseregistration.firebaseinitprovider"
121-->[com.google.firebase:firebase-common:19.3.0] AndroidManifest.xml:28:13-72
122            android:exported="false"
122-->[com.google.firebase:firebase-common:19.3.0] AndroidManifest.xml:29:13-37
123            android:initOrder="100" />
123-->[com.google.firebase:firebase-common:19.3.0] AndroidManifest.xml:30:13-36
124
125        <activity
125-->[com.google.android.gms:play-services-base:17.1.0] AndroidManifest.xml:23:9-26:75
126            android:name="com.google.android.gms.common.api.GoogleApiActivity"
126-->[com.google.android.gms:play-services-base:17.1.0] AndroidManifest.xml:24:13-79
127            android:exported="false"
127-->[com.google.android.gms:play-services-base:17.1.0] AndroidManifest.xml:25:13-37
128            android:theme="@android:style/Theme.Translucent.NoTitleBar" />
128-->[com.google.android.gms:play-services-base:17.1.0] AndroidManifest.xml:26:13-72
129
130        <meta-data
130-->[com.google.android.gms:play-services-basement:17.0.0] AndroidManifest.xml:23:9-25:69
131            android:name="com.google.android.gms.version"
131-->[com.google.android.gms:play-services-basement:17.0.0] AndroidManifest.xml:24:13-58
132            android:value="@integer/google_play_services_version" />
132-->[com.google.android.gms:play-services-basement:17.0.0] AndroidManifest.xml:25:13-66
133    </application>
134
135</manifest>